<?xml version="1.0" encoding="UTF-8"?>
<testng-results skipped="0" failed="0" total="1" passed="1">
  <reporter-output>
    <line>
      <![CDATA[Successful Login operation]]>
    </line>
  </reporter-output>
  <suite name="Suite" duration-ms="21603" started-at="2018-05-28T13:43:31Z" finished-at="2018-05-28T13:43:53Z">
    <groups>
    </groups>
    <test name="Test" duration-ms="21603" started-at="2018-05-28T13:43:31Z" finished-at="2018-05-28T13:43:53Z">
      <class name="testng.MTloginTest">
        <test-method status="PASS" signature="setUp()[pri:0, instance:testng.MTloginTest@4cc0edeb]" name="setUp" is-config="true" duration-ms="10716" started-at="2018-05-28T19:13:31Z" finished-at="2018-05-28T19:13:42Z">
          <reporter-output>
          </reporter-output>
        </test-method> <!-- setUp -->
        <test-method status="PASS" signature="userLogin(java.lang.String, java.lang.String)[pri:0, instance:testng.MTloginTest@4cc0edeb]" name="userLogin" duration-ms="10818" started-at="2018-05-28T19:13:42Z" finished-at="2018-05-28T19:13:53Z">
          <params>
            <param index="0">
              <value>
                <![CDATA[mercury]]>
              </value>
            </param>
            <param index="1">
              <value>
                <![CDATA[mercury]]>
              </value>
            </param>
          </params>
          <reporter-output>
            <line>
              <![CDATA[Successful Login operation]]>
            </line>
          </reporter-output>
        </test-method> <!-- userLogin -->
        <test-method status="PASS" signature="tearDown()[pri:0, instance:testng.MTloginTest@4cc0edeb]" name="tearDown" is-config="true" duration-ms="44" started-at="2018-05-28T19:13:53Z" finished-at="2018-05-28T19:13:53Z">
          <reporter-output>
          </reporter-output>
        </test-method> <!-- tearDown -->
      </class> <!-- testng.MTloginTest -->
    </test> <!-- Test -->
  </suite> <!-- Suite -->
</testng-results>
